<?xml version="1.0" encoding="UTF-8"?>
<!-- Generated by org.testng.reporters.JUnitReportReporter -->
<testsuite hostname="Ashvini" failures="0" tests="1" name="SeleniumTestNGFrameWork.tests.ErrorValidation" time="4.969" errors="0" timestamp="2024-12-30T12:15:20 IST" skipped="0">
  <testcase classname="SeleniumTestNGFrameWork.tests.ErrorValidation" name="submitOrder" time="4.969"/>
  <system-out/>
</testsuite> <!-- SeleniumTestNGFrameWork.tests.ErrorValidation -->
